<?xml version="1.0" encoding="UTF-8"?>
<!-- Generated by org.testng.reporters.JUnitReportReporter -->
<testsuite hostname="jishnu.kapoor" failures="0" tests="1" name="TestScripts.ImportProducts" time="56.997" errors="0" timestamp="2020-08-10T13:12:15 IST" skipped="0">
  <testcase classname="TestScripts.ImportProducts" name="ImportingPublishedProducts" time="56.997"/>
  <system-out>
<br>Click [AppsOptionInShopify] on [WebHook_Page] <br>Click [WalmartIntegration] on [WebHook_Page] <br>Click [ImportProducts] on [ImportProducts_Page] <br>Click [ImportProductDropdown] on [ImportProducts_Page] <br>Click [PublishedProducts] on [ImportProducts_Page] <br>Click [ConfirmButton] on [ImportProducts_Page]  </system-out>
</testsuite> <!-- TestScripts.ImportProducts -->
