<?xml version="1.0" encoding="UTF-8"?>
<!-- Generated by org.testng.reporters.JUnitReportReporter -->
<testsuite hostname="varshaverma" failures="0" tests="1" name="TestScripts.CustomProfile" time="70.951" errors="0" timestamp="2020-11-13T16:18:32 IST" skipped="0">
  <testcase classname="TestScripts.CustomProfile" name="customProfileForCondition" time="70.951"/>
  <system-out>
<br>Enter text [[13323]] in [UserIdTextBox] on [Orders_Page] <br>Enter text [[]] in [UserIdTextBox] on [Orders_Page] <br>Click [LoginButton] on [Orders_Page] <br>Click [CustomProfile] on [CustomProfile_Page] <br>Click [CreateProfileButton] on [CustomProfile_Page] <br>Enter text [[a]] in [ProfileName] on [CustomProfile_Page] <br>Enter text [[Google]] in [ProfileName] on [CustomProfile_Page] <br>Click [SaveButton] on [CustomProfile_Page] <br>Enter text [[1000]] in [FilterValue] on [CustomProfile_Page] <br>Click [SaveButton] on [CustomProfile_Page] <br>Click [CreateProfile] on [CustomProfile_Page]  </system-out>
</testsuite> <!-- TestScripts.CustomProfile -->
