<?xml version="1.0" encoding="UTF-8"?>
<!-- Generated by org.testng.reporters.JUnitReportReporter -->
<testsuite hostname="jishnu.kapoor" failures="0" tests="1" name="TestScripts.PricingPlan" time="117.734" errors="0" timestamp="2020-08-28T11:00:35 IST" skipped="0">
  <testcase classname="TestScripts.PricingPlan" name="verifyingPricingPlanAnnuallyAndMonthly" time="117.734"/>
  <system-out>
<br>Click [AppsOptionInShopify] on [PricingPlan_Page] <br>Click [WalmartIntegration] on [WebHook_Page] <br>Click [DashboardWelcome] on [PricingPlan_Page] <br>Click [WalmartProfile] on [PricingPlan_Page] <br>Click [AppOverviewOption] on [PricingPlan_Page] The number of days remaining is:  2677 Days <br>Click [PricingPlan] on [PricingPlan_Page] <br>Click [ProPlans] on [PricingPlan_Page] <br>Click [BilledMonthly] on [PricingPlan_Page] The Original  price is  $149 You have to Upgrade your account The price on the payment page is:  $149 18147901603 <br>Click [ApproveSubscriptionButton] on [PricingPlan_Page] Payment has been successfully done <br>Click [DashboardWelcome] on [PricingPlan_Page] <br>Click [WalmartProfile] on [PricingPlan_Page] <br>Click [AppOverviewOption] on [PricingPlan_Page] The number of days remaining after Subscription is:  2712 Days The number of days for which payment is done is  :  35 {"id":"1201","merchant_id":"9195","charge_id":"18147901603","amount":"149.00","shopify_created_at":"2020-08-28 11:00:04","plan_name":"Monthly Subscription-Premium-Price : $149.00","status":"active","shopify_response":"{\"createdAt\":\"2020-08-28T05:30:04Z\",\"currentPeriodEnd\":\"2020-08-28T05:30:15Z\",\"id\":\"gid:\\\/\\\/shopify\\\/AppSubscription\\\/18147901603\",\"name\":\"Monthly Subscription-Premium-Price : $149.00\",\"status\":\"ACTIVE\",\"test\":true,\"lineItems\":[{\"plan\":{\"pricingDetails\":{\"interval\":\"EVERY_30_DAYS\",\"price\":{\"amount\":\"149.0\",\"currencyCode\":\"USD\"}}}}]}","plan_type":"subscription","payment_type":"recurring","test_payment":"1","features":"{\"sku_upload_limit\":{\"label\":\"Listing upto 20000 SKU\",\"value\":20000},\"order_limit\":{\"label\":\"2000 Orders per month\",\"value\":2000},\"chat_support\":{\"label\":\"24x7 Chat Support\",\"value\":1},\"free_upc\":{\"label\":\"Free 100 UPC Codes\",\"value\":100},\"account_manager\":{\"label\":\"Dedicated Account Manager\",\"value\":1},\"swatch_images\":{\"label\":\"Add Swatch Image\",\"value\":1},\"listing_optimization\":{\"label\":\"Listing Optimization & SEO\",\"value\":1}}","created_at":"2020-08-28 11:00:20","updated_at":"2020-08-28 11:00:20","interval":"EVERY_30_DAYS"}..this is data The json data are as follows:         {"id":"1201","merchant_id":"9195","charge_id":"18147901603","amount":"149.00","shopify_created_at":"2020-08-28 11:00:04","plan_name":"Monthly Subscription-Premium-Price : $149.00","status":"active","shopify_response":"{\"createdAt\":\"2020-08-28T05:30:04Z\",\"currentPeriodEnd\":\"2020-08-28T05:30:15Z\",\"id\":\"gid:\\\/\\\/shopify\\\/AppSubscription\\\/18147901603\",\"name\":\"Monthly Subscription-Premium-Price : $149.00\",\"status\":\"ACTIVE\",\"test\":true,\"lineItems\":[{\"plan\":{\"pricingDetails\":{\"interval\":\"EVERY_30_DAYS\",\"price\":{\"amount\":\"149.0\",\"currencyCode\":\"USD\"}}}}]}","plan_type":"subscription","payment_type":"recurring","test_payment":"1","features":"{\"sku_upload_limit\":{\"label\":\"Listing upto 20000 SKU\",\"value\":20000},\"order_limit\":{\"label\":\"2000 Orders per month\",\"value\":2000},\"chat_support\":{\"label\":\"24x7 Chat Support\",\"value\":1},\"free_upc\":{\"label\":\"Free 100 UPC Codes\",\"value\":100},\"account_manager\":{\"label\":\"Dedicated Account Manager\",\"value\":1},\"swatch_images\":{\"label\":\"Add Swatch Image\",\"value\":1},\"listing_optimization\":{\"label\":\"Listing Optimization & SEO\",\"value\":1}}","created_at":"2020-08-28 11:00:20","updated_at":"2020-08-28 11:00:20","interval":"EVERY_30_DAYS"}..this is data Verified that the price on the PricingPlan page and price on the PaymentPage is same  </system-out>
</testsuite> <!-- TestScripts.PricingPlan -->
