<?xml version="1.0" encoding="UTF-8"?>
<!-- Generated by org.testng.reporters.JUnitReportReporter -->
<testsuite hostname="jishnu.kapoor" failures="0" tests="1" name="TestScripts.ManageProducts" time="84.465" errors="0" timestamp="2020-06-22T13:16:36 IST" skipped="0">
  <testcase classname="TestScripts.ManageProducts" name="ManageProduct" time="84.465"/>
  <system-out>
<br>Click [Product_Module] on [DashboardPage] <br>Click [Product_ManageProduct] on [DashboardPage] <br>Click [FirstCheckbox] on [DashboardPage] <br>Click [SelectAllItems] on [DashboardPage] <br>Click [Okbutton] on [DashboardPage] <br>Click [BulkActionDropdown] on [DashboardPage] <br>Click [SyncwithShopifyinDropdown] on [DashboardPage] <br>Click [ActionButton] on [DashboardPage] <br>Click [SyncButton] on [DashboardPage] <br>Click [FirstCheckbox] on [DashboardPage] <br>Click [SelectAllItems] on [DashboardPage] <br>Click [Okbutton] on [DashboardPage] <br>Click [BulkActionDropdown] on [DashboardPage] <br>Click [UpdateInventory] on [DashboardPage] <br>Click [ActionButton] on [DashboardPage]  </system-out>
</testsuite> <!-- TestScripts.ManageProducts -->
