<?xml version="1.0" encoding="UTF-8"?>
<!-- Generated by org.testng.reporters.JUnitReportReporter -->
<testsuite hostname="jishnu.kapoor" failures="0" tests="1" name="DashBoard" time="31.067" errors="0" timestamp="2020-06-13T16:56:25 IST" skipped="0">
  <testcase classname="DashBoard" name="ErrorChecking" time="31.067"/>
  <system-out/>
</testsuite> <!-- DashBoard -->
